2019-11-19 14:02:25,334 - Socket Created
2019-11-19 14:02:25,335 - Socket bound to port:65432
2019-11-19 14:02:25,335 - License Manager is listening
2019-11-19 14:03:17,351 - Only connections from the head node allowed.
19-Nov-19 14:09:47 - Socket Created
19-Nov-19 14:09:47 - Socket bound to port:65432
19-Nov-19 14:09:47 - License Manager is listening
19-Nov-19 14:10:04 - Only connections from the head node allowed.
19-Nov-19 14:10:04 - ('193.15.96.199', 56488), 193.15.96.199
19-Nov-19 14:10:48 - Socket Created
19-Nov-19 14:10:48 - Socket bound to port:65432
19-Nov-19 14:10:48 - License Manager is listening
19-Nov-19 14:10:54 - Connection from ('193.15.96.199', 56494) has been established.
19-Nov-19 14:10:54 - Job doesn't exist in the records
19-Nov-19 14:11:38 - Socket Created
19-Nov-19 14:13:02 - Socket Created
19-Nov-19 14:13:02 - Socket bound to port:65432
19-Nov-19 14:13:02 - License Manager is listening
19-Nov-19 14:13:05 - Connection from ('193.15.96.199', 56508) has been established.
19-Nov-19 14:13:05 - Job doesn't exist in the records
19-Nov-19 14:13:32 - Socket Created
19-Nov-19 14:13:33 - Socket Created
19-Nov-19 14:16:01 - Socket Created
19-Nov-19 14:16:01 - Socket bound to port:65432
19-Nov-19 14:16:01 - License Manager is listening
19-Nov-19 14:16:05 - Connection from ('193.15.96.199', 56532) has been established.
19-Nov-19 14:16:05 - Job doesn't exist in the records
19-Nov-19 14:21:44 - Connection from ('193.15.96.199', 56558) has been established.
19-Nov-19 14:21:44 - License Request has been received
19-Nov-19 14:21:44 - 6 tokens granted for jobid=435.
Currently 0tokens are being used out of18
